<?xml version="1.0" encoding="UTF-8"?>
<testng-results ignored="0" total="2" passed="2" failed="0" skipped="0">
  <reporter-output>
  </reporter-output>
  <suite started-at="2025-12-28T13:38:07 IST" name="Suite" finished-at="2025-12-28T13:38:07 IST" duration-ms="130">
    <groups>
    </groups>
    <test started-at="2025-12-28T13:38:07 IST" name="Test" finished-at="2025-12-28T13:38:07 IST" duration-ms="130">
      <class name="com.birla.AndroidTest">
        <test-method signature="testB()[pri:0, instance:com.birla.AndroidTest@243c4f91]" started-at="2025-12-28T13:38:07 IST" name="testB" finished-at="2025-12-28T13:38:07 IST" duration-ms="1" status="PASS">
          <reporter-output>
          </reporter-output>
        </test-method> <!-- testB -->
      </class> <!-- com.birla.AndroidTest -->
      <class name="com.birla.MobileTest">
        <test-method signature="testA()[pri:0, instance:com.birla.MobileTest@130161f7]" started-at="2025-12-28T13:38:07 IST" name="testA" finished-at="2025-12-28T13:38:07 IST" duration-ms="13" status="PASS">
          <reporter-output>
          </reporter-output>
        </test-method> <!-- testA -->
      </class> <!-- com.birla.MobileTest -->
    </test> <!-- Test -->
  </suite> <!-- Suite -->
</testng-results>
