<?xml version="1.0" encoding="UTF-8"?>
<testng-results ignored="0" total="2" passed="2" failed="0" skipped="0">
  <reporter-output>
  </reporter-output>
  <suite started-at="2025-12-27T09:40:57 IST" name="Suite" finished-at="2025-12-27T09:40:58 IST" duration-ms="773">
    <groups>
    </groups>
    <test started-at="2025-12-27T09:40:57 IST" name="Test" finished-at="2025-12-27T09:40:58 IST" duration-ms="773">
      <class name="ExtentReportsBasics.OptimisingExtentReports1">
        <test-method signature="testA()[pri:0, instance:ExtentReportsBasics.OptimisingExtentReports1@3738449f]" started-at="2025-12-27T09:40:57 IST" name="testA" finished-at="2025-12-27T09:40:58 IST" duration-ms="35" status="PASS">
          <reporter-output>
          </reporter-output>
        </test-method> <!-- testA -->
      </class> <!-- ExtentReportsBasics.OptimisingExtentReports1 -->
      <class name="ExtentReportsBasics.OptimisingExtentReports2">
        <test-method signature="testB()[pri:0, instance:ExtentReportsBasics.OptimisingExtentReports2@69e1dd28]" started-at="2025-12-27T09:40:58 IST" name="testB" finished-at="2025-12-27T09:40:58 IST" duration-ms="6" status="PASS">
          <reporter-output>
          </reporter-output>
        </test-method> <!-- testB -->
      </class> <!-- ExtentReportsBasics.OptimisingExtentReports2 -->
    </test> <!-- Test -->
  </suite> <!-- Suite -->
</testng-results>
