<?xml version="1.0" encoding="UTF-8"?>
<!-- Generated by org.testng.reporters.JUnitReportReporter -->
<testsuite hostname="DESKTOP-SSTGA1B" failures="0" tests="2" name="ExtentReportsBasics.ExtentReports2" time="0.028" errors="0" timestamp="2025-12-20T11:08:04 IST" skipped="0">
  <testcase classname="ExtentReportsBasics.ExtentReports2" name="testB" time="0.008"/>
  <testcase classname="ExtentReportsBasics.ExtentReports2" name="testA" time="0.020"/>
</testsuite> <!-- ExtentReportsBasics.ExtentReports2 -->
